<?xml version="1.0" encoding="UTF-8"?>
<testng-results skipped="4" failed="0" ignored="0" total="4" passed="0">
  <reporter-output>
  </reporter-output>
  <suite name="search-module" duration-ms="397900" started-at="2021-01-01T12:43:53Z" finished-at="2021-01-01T12:50:31Z">
    <groups>
    </groups>
    <test name="search-test-kubernetes" duration-ms="397900" started-at="2021-01-01T12:43:53Z" finished-at="2021-01-01T12:50:31Z">
      <class name="com.searchmodules.tests.SearchTest">
        <test-method status="FAIL" signature="setupDriver()[pri:0, instance:com.searchmodules.tests.SearchTest@598067a5]" name="setupDriver" is-config="true" duration-ms="397811" started-at="2021-01-01T12:43:53Z" finished-at="2021-01-01T12:50:31Z">
          <exception class="org.openqa.selenium.WebDriverException">
            <message>
              <![CDATA[Unable to parse remote response: <!DOCTYPE html>
<html>
<head>
  <meta charset="utf-8">
  <title>Zalenium - 502
  
    - Bad Gateway
  
  </title>
  <meta name="viewport" content="width=device-width, initial-scale=1">
  <style>
    h1 { text-align: center; }
    address { text-align: center; }
  </style>
</head>
<body>
  <h1>502
  
    - Bad Gateway
  
  </h1>
<hr>
<address>nginx/1.10.3 - Zalenium 3.141.59z</address>
</body>
</html>
]]>
            </message>
            <full-stacktrace>
              <![CDATA[org.openqa.selenium.WebDriverException: Unable to parse remote response: <!DOCTYPE html>
<html>
<head>
  <meta charset="utf-8">
  <title>Zalenium - 502
  
    - Bad Gateway
  
  </title>
  <meta name="viewport" content="width=device-width, initial-scale=1">
  <style>
    h1 { text-align: center; }
    address { text-align: center; }
  </style>
</head>
<body>
  <h1>502
  
    - Bad Gateway
  
  </h1>
<hr>
<address>nginx/1.10.3 - Zalenium 3.141.59z</address>
</body>
</html>

at org.openqa.selenium.remote.ProtocolHandshake.createSession(ProtocolHandshake.java:111)
at org.openqa.selenium.remote.ProtocolHandshake.createSession(ProtocolHandshake.java:73)
at org.openqa.selenium.remote.HttpCommandExecutor.execute(HttpCommandExecutor.java:136)
at org.openqa.selenium.remote.RemoteWebDriver.execute(RemoteWebDriver.java:548)
at org.openqa.selenium.remote.RemoteWebDriver.startSession(RemoteWebDriver.java:212)
at org.openqa.selenium.remote.RemoteWebDriver.<init>(RemoteWebDriver.java:130)
at org.openqa.selenium.remote.RemoteWebDriver.<init>(RemoteWebDriver.java:143)
at com.tests.BaseTest.setupDriver(BaseTest.java:39)
at sun.reflect.NativeMethodAccessorImpl.invoke0(Native Method)
at sun.reflect.NativeMethodAccessorImpl.invoke(Unknown Source)
at sun.reflect.DelegatingMethodAccessorImpl.invoke(Unknown Source)
at java.lang.reflect.Method.invoke(Unknown Source)
at org.testng.internal.MethodInvocationHelper.invokeMethod(MethodInvocationHelper.java:124)
at org.testng.internal.MethodInvocationHelper.invokeMethodConsideringTimeout(MethodInvocationHelper.java:59)
at org.testng.internal.Invoker.invokeConfigurationMethod(Invoker.java:458)
at org.testng.internal.Invoker.invokeConfigurations(Invoker.java:222)
at org.testng.internal.Invoker.invokeConfigurations(Invoker.java:142)
at org.testng.TestRunner.beforeRun(TestRunner.java:529)
at org.testng.TestRunner.run(TestRunner.java:497)
at org.testng.SuiteRunner.runTest(SuiteRunner.java:455)
at org.testng.SuiteRunner.access$000(SuiteRunner.java:40)
at org.testng.SuiteRunner$SuiteWorker.run(SuiteRunner.java:489)
at org.testng.internal.thread.ThreadUtil$1.call(ThreadUtil.java:52)
at java.util.concurrent.FutureTask.run(Unknown Source)
at java.util.concurrent.ThreadPoolExecutor.runWorker(Unknown Source)
at java.util.concurrent.ThreadPoolExecutor$Worker.run(Unknown Source)
at java.lang.Thread.run(Unknown Source)
Caused by: org.openqa.selenium.json.JsonException: Unable to determine type from: <. Last 1 characters read: <
Build info: version: '3.14.0', revision: 'aacccce0', time: '2018-08-02T20:19:58.91Z'
System info: host: 'DESKTOP-FBJTQAJ', ip: '192.168.1.100', os.name: 'Windows 10', os.arch: 'amd64', os.version: '10.0', java.version: '1.8.0_231'
Driver info: driver.version: RemoteWebDriver
at org.openqa.selenium.json.JsonInput.peek(JsonInput.java:121)
at org.openqa.selenium.json.JsonTypeCoercer.lambda$null$6(JsonTypeCoercer.java:137)
at org.openqa.selenium.json.JsonTypeCoercer.coerce(JsonTypeCoercer.java:123)
at org.openqa.selenium.json.Json.toType(Json.java:60)
at org.openqa.selenium.json.Json.toType(Json.java:50)
at org.openqa.selenium.remote.ProtocolHandshake.createSession(ProtocolHandshake.java:108)
... 26 more
]]>
            </full-stacktrace>
          </exception> <!-- org.openqa.selenium.WebDriverException -->
          <reporter-output>
          </reporter-output>
        </test-method> <!-- setupDriver -->
        <test-method status="SKIP" signature="search(java.lang.String)[pri:0, instance:com.searchmodules.tests.SearchTest@598067a5]" name="search" duration-ms="0" started-at="2021-01-01T12:50:31Z" finished-at="2021-01-01T12:50:31Z">
          <exception class="org.openqa.selenium.WebDriverException">
            <message>
              <![CDATA[Unable to parse remote response: <!DOCTYPE html>
<html>
<head>
  <meta charset="utf-8">
  <title>Zalenium - 502
  
    - Bad Gateway
  
  </title>
  <meta name="viewport" content="width=device-width, initial-scale=1">
  <style>
    h1 { text-align: center; }
    address { text-align: center; }
  </style>
</head>
<body>
  <h1>502
  
    - Bad Gateway
  
  </h1>
<hr>
<address>nginx/1.10.3 - Zalenium 3.141.59z</address>
</body>
</html>
]]>
            </message>
            <full-stacktrace>
              <![CDATA[org.openqa.selenium.WebDriverException: Unable to parse remote response: <!DOCTYPE html>
<html>
<head>
  <meta charset="utf-8">
  <title>Zalenium - 502
  
    - Bad Gateway
  
  </title>
  <meta name="viewport" content="width=device-width, initial-scale=1">
  <style>
    h1 { text-align: center; }
    address { text-align: center; }
  </style>
</head>
<body>
  <h1>502
  
    - Bad Gateway
  
  </h1>
<hr>
<address>nginx/1.10.3 - Zalenium 3.141.59z</address>
</body>
</html>

at org.openqa.selenium.remote.ProtocolHandshake.createSession(ProtocolHandshake.java:111)
at org.openqa.selenium.remote.ProtocolHandshake.createSession(ProtocolHandshake.java:73)
at org.openqa.selenium.remote.HttpCommandExecutor.execute(HttpCommandExecutor.java:136)
at org.openqa.selenium.remote.RemoteWebDriver.execute(RemoteWebDriver.java:548)
at org.openqa.selenium.remote.RemoteWebDriver.startSession(RemoteWebDriver.java:212)
at org.openqa.selenium.remote.RemoteWebDriver.<init>(RemoteWebDriver.java:130)
at org.openqa.selenium.remote.RemoteWebDriver.<init>(RemoteWebDriver.java:143)
at com.tests.BaseTest.setupDriver(BaseTest.java:39)
at sun.reflect.NativeMethodAccessorImpl.invoke0(Native Method)
at sun.reflect.NativeMethodAccessorImpl.invoke(Unknown Source)
at sun.reflect.DelegatingMethodAccessorImpl.invoke(Unknown Source)
at java.lang.reflect.Method.invoke(Unknown Source)
at org.testng.internal.MethodInvocationHelper.invokeMethod(MethodInvocationHelper.java:124)
at org.testng.internal.MethodInvocationHelper.invokeMethodConsideringTimeout(MethodInvocationHelper.java:59)
at org.testng.internal.Invoker.invokeConfigurationMethod(Invoker.java:458)
at org.testng.internal.Invoker.invokeConfigurations(Invoker.java:222)
at org.testng.internal.Invoker.invokeConfigurations(Invoker.java:142)
at org.testng.TestRunner.beforeRun(TestRunner.java:529)
at org.testng.TestRunner.run(TestRunner.java:497)
at org.testng.SuiteRunner.runTest(SuiteRunner.java:455)
at org.testng.SuiteRunner.access$000(SuiteRunner.java:40)
at org.testng.SuiteRunner$SuiteWorker.run(SuiteRunner.java:489)
at org.testng.internal.thread.ThreadUtil$1.call(ThreadUtil.java:52)
at java.util.concurrent.FutureTask.run(Unknown Source)
at java.util.concurrent.ThreadPoolExecutor.runWorker(Unknown Source)
at java.util.concurrent.ThreadPoolExecutor$Worker.run(Unknown Source)
at java.lang.Thread.run(Unknown Source)
Caused by: org.openqa.selenium.json.JsonException: Unable to determine type from: <. Last 1 characters read: <
Build info: version: '3.14.0', revision: 'aacccce0', time: '2018-08-02T20:19:58.91Z'
System info: host: 'DESKTOP-FBJTQAJ', ip: '192.168.1.100', os.name: 'Windows 10', os.arch: 'amd64', os.version: '10.0', java.version: '1.8.0_231'
Driver info: driver.version: RemoteWebDriver
at org.openqa.selenium.json.JsonInput.peek(JsonInput.java:121)
at org.openqa.selenium.json.JsonTypeCoercer.lambda$null$6(JsonTypeCoercer.java:137)
at org.openqa.selenium.json.JsonTypeCoercer.coerce(JsonTypeCoercer.java:123)
at org.openqa.selenium.json.Json.toType(Json.java:60)
at org.openqa.selenium.json.Json.toType(Json.java:50)
at org.openqa.selenium.remote.ProtocolHandshake.createSession(ProtocolHandshake.java:108)
... 26 more
]]>
            </full-stacktrace>
          </exception> <!-- org.openqa.selenium.WebDriverException -->
          <reporter-output>
          </reporter-output>
        </test-method> <!-- search -->
        <test-method status="SKIP" signature="quitBrowser()[pri:0, instance:com.searchmodules.tests.SearchTest@598067a5]" name="quitBrowser" is-config="true" duration-ms="0" started-at="2021-01-01T12:50:31Z" finished-at="2021-01-01T12:50:31Z">
          <reporter-output>
          </reporter-output>
        </test-method> <!-- quitBrowser -->
      </class> <!-- com.searchmodules.tests.SearchTest -->
    </test> <!-- search-test-kubernetes -->
    <test name="search-test-docker" duration-ms="397896" started-at="2021-01-01T12:43:53Z" finished-at="2021-01-01T12:50:31Z">
      <class name="com.searchmodules.tests.SearchTest">
        <test-method status="FAIL" signature="setupDriver()[pri:0, instance:com.searchmodules.tests.SearchTest@464bee09]" name="setupDriver" is-config="true" duration-ms="397811" started-at="2021-01-01T12:43:53Z" finished-at="2021-01-01T12:50:31Z">
          <exception class="org.openqa.selenium.WebDriverException">
            <message>
              <![CDATA[Unable to parse remote response: <!DOCTYPE html>
<html>
<head>
  <meta charset="utf-8">
  <title>Zalenium - 502
  
    - Bad Gateway
  
  </title>
  <meta name="viewport" content="width=device-width, initial-scale=1">
  <style>
    h1 { text-align: center; }
    address { text-align: center; }
  </style>
</head>
<body>
  <h1>502
  
    - Bad Gateway
  
  </h1>
<hr>
<address>nginx/1.10.3 - Zalenium 3.141.59z</address>
</body>
</html>
]]>
            </message>
            <full-stacktrace>
              <![CDATA[org.openqa.selenium.WebDriverException: Unable to parse remote response: <!DOCTYPE html>
<html>
<head>
  <meta charset="utf-8">
  <title>Zalenium - 502
  
    - Bad Gateway
  
  </title>
  <meta name="viewport" content="width=device-width, initial-scale=1">
  <style>
    h1 { text-align: center; }
    address { text-align: center; }
  </style>
</head>
<body>
  <h1>502
  
    - Bad Gateway
  
  </h1>
<hr>
<address>nginx/1.10.3 - Zalenium 3.141.59z</address>
</body>
</html>

at org.openqa.selenium.remote.ProtocolHandshake.createSession(ProtocolHandshake.java:111)
at org.openqa.selenium.remote.ProtocolHandshake.createSession(ProtocolHandshake.java:73)
at org.openqa.selenium.remote.HttpCommandExecutor.execute(HttpCommandExecutor.java:136)
at org.openqa.selenium.remote.RemoteWebDriver.execute(RemoteWebDriver.java:548)
at org.openqa.selenium.remote.RemoteWebDriver.startSession(RemoteWebDriver.java:212)
at org.openqa.selenium.remote.RemoteWebDriver.<init>(RemoteWebDriver.java:130)
at org.openqa.selenium.remote.RemoteWebDriver.<init>(RemoteWebDriver.java:143)
at com.tests.BaseTest.setupDriver(BaseTest.java:39)
at sun.reflect.NativeMethodAccessorImpl.invoke0(Native Method)
at sun.reflect.NativeMethodAccessorImpl.invoke(Unknown Source)
at sun.reflect.DelegatingMethodAccessorImpl.invoke(Unknown Source)
at java.lang.reflect.Method.invoke(Unknown Source)
at org.testng.internal.MethodInvocationHelper.invokeMethod(MethodInvocationHelper.java:124)
at org.testng.internal.MethodInvocationHelper.invokeMethodConsideringTimeout(MethodInvocationHelper.java:59)
at org.testng.internal.Invoker.invokeConfigurationMethod(Invoker.java:458)
at org.testng.internal.Invoker.invokeConfigurations(Invoker.java:222)
at org.testng.internal.Invoker.invokeConfigurations(Invoker.java:142)
at org.testng.TestRunner.beforeRun(TestRunner.java:529)
at org.testng.TestRunner.run(TestRunner.java:497)
at org.testng.SuiteRunner.runTest(SuiteRunner.java:455)
at org.testng.SuiteRunner.access$000(SuiteRunner.java:40)
at org.testng.SuiteRunner$SuiteWorker.run(SuiteRunner.java:489)
at org.testng.internal.thread.ThreadUtil$1.call(ThreadUtil.java:52)
at java.util.concurrent.FutureTask.run(Unknown Source)
at java.util.concurrent.ThreadPoolExecutor.runWorker(Unknown Source)
at java.util.concurrent.ThreadPoolExecutor$Worker.run(Unknown Source)
at java.lang.Thread.run(Unknown Source)
Caused by: org.openqa.selenium.json.JsonException: Unable to determine type from: <. Last 1 characters read: <
Build info: version: '3.14.0', revision: 'aacccce0', time: '2018-08-02T20:19:58.91Z'
System info: host: 'DESKTOP-FBJTQAJ', ip: '192.168.1.100', os.name: 'Windows 10', os.arch: 'amd64', os.version: '10.0', java.version: '1.8.0_231'
Driver info: driver.version: RemoteWebDriver
at org.openqa.selenium.json.JsonInput.peek(JsonInput.java:121)
at org.openqa.selenium.json.JsonTypeCoercer.lambda$null$6(JsonTypeCoercer.java:137)
at org.openqa.selenium.json.JsonTypeCoercer.coerce(JsonTypeCoercer.java:123)
at org.openqa.selenium.json.Json.toType(Json.java:60)
at org.openqa.selenium.json.Json.toType(Json.java:50)
at org.openqa.selenium.remote.ProtocolHandshake.createSession(ProtocolHandshake.java:108)
... 26 more
]]>
            </full-stacktrace>
          </exception> <!-- org.openqa.selenium.WebDriverException -->
          <reporter-output>
          </reporter-output>
        </test-method> <!-- setupDriver -->
        <test-method status="SKIP" signature="search(java.lang.String)[pri:0, instance:com.searchmodules.tests.SearchTest@464bee09]" name="search" duration-ms="0" started-at="2021-01-01T12:50:31Z" finished-at="2021-01-01T12:50:31Z">
          <exception class="org.openqa.selenium.WebDriverException">
            <message>
              <![CDATA[Unable to parse remote response: <!DOCTYPE html>
<html>
<head>
  <meta charset="utf-8">
  <title>Zalenium - 502
  
    - Bad Gateway
  
  </title>
  <meta name="viewport" content="width=device-width, initial-scale=1">
  <style>
    h1 { text-align: center; }
    address { text-align: center; }
  </style>
</head>
<body>
  <h1>502
  
    - Bad Gateway
  
  </h1>
<hr>
<address>nginx/1.10.3 - Zalenium 3.141.59z</address>
</body>
</html>
]]>
            </message>
            <full-stacktrace>
              <![CDATA[org.openqa.selenium.WebDriverException: Unable to parse remote response: <!DOCTYPE html>
<html>
<head>
  <meta charset="utf-8">
  <title>Zalenium - 502
  
    - Bad Gateway
  
  </title>
  <meta name="viewport" content="width=device-width, initial-scale=1">
  <style>
    h1 { text-align: center; }
    address { text-align: center; }
  </style>
</head>
<body>
  <h1>502
  
    - Bad Gateway
  
  </h1>
<hr>
<address>nginx/1.10.3 - Zalenium 3.141.59z</address>
</body>
</html>

at org.openqa.selenium.remote.ProtocolHandshake.createSession(ProtocolHandshake.java:111)
at org.openqa.selenium.remote.ProtocolHandshake.createSession(ProtocolHandshake.java:73)
at org.openqa.selenium.remote.HttpCommandExecutor.execute(HttpCommandExecutor.java:136)
at org.openqa.selenium.remote.RemoteWebDriver.execute(RemoteWebDriver.java:548)
at org.openqa.selenium.remote.RemoteWebDriver.startSession(RemoteWebDriver.java:212)
at org.openqa.selenium.remote.RemoteWebDriver.<init>(RemoteWebDriver.java:130)
at org.openqa.selenium.remote.RemoteWebDriver.<init>(RemoteWebDriver.java:143)
at com.tests.BaseTest.setupDriver(BaseTest.java:39)
at sun.reflect.NativeMethodAccessorImpl.invoke0(Native Method)
at sun.reflect.NativeMethodAccessorImpl.invoke(Unknown Source)
at sun.reflect.DelegatingMethodAccessorImpl.invoke(Unknown Source)
at java.lang.reflect.Method.invoke(Unknown Source)
at org.testng.internal.MethodInvocationHelper.invokeMethod(MethodInvocationHelper.java:124)
at org.testng.internal.MethodInvocationHelper.invokeMethodConsideringTimeout(MethodInvocationHelper.java:59)
at org.testng.internal.Invoker.invokeConfigurationMethod(Invoker.java:458)
at org.testng.internal.Invoker.invokeConfigurations(Invoker.java:222)
at org.testng.internal.Invoker.invokeConfigurations(Invoker.java:142)
at org.testng.TestRunner.beforeRun(TestRunner.java:529)
at org.testng.TestRunner.run(TestRunner.java:497)
at org.testng.SuiteRunner.runTest(SuiteRunner.java:455)
at org.testng.SuiteRunner.access$000(SuiteRunner.java:40)
at org.testng.SuiteRunner$SuiteWorker.run(SuiteRunner.java:489)
at org.testng.internal.thread.ThreadUtil$1.call(ThreadUtil.java:52)
at java.util.concurrent.FutureTask.run(Unknown Source)
at java.util.concurrent.ThreadPoolExecutor.runWorker(Unknown Source)
at java.util.concurrent.ThreadPoolExecutor$Worker.run(Unknown Source)
at java.lang.Thread.run(Unknown Source)
Caused by: org.openqa.selenium.json.JsonException: Unable to determine type from: <. Last 1 characters read: <
Build info: version: '3.14.0', revision: 'aacccce0', time: '2018-08-02T20:19:58.91Z'
System info: host: 'DESKTOP-FBJTQAJ', ip: '192.168.1.100', os.name: 'Windows 10', os.arch: 'amd64', os.version: '10.0', java.version: '1.8.0_231'
Driver info: driver.version: RemoteWebDriver
at org.openqa.selenium.json.JsonInput.peek(JsonInput.java:121)
at org.openqa.selenium.json.JsonTypeCoercer.lambda$null$6(JsonTypeCoercer.java:137)
at org.openqa.selenium.json.JsonTypeCoercer.coerce(JsonTypeCoercer.java:123)
at org.openqa.selenium.json.Json.toType(Json.java:60)
at org.openqa.selenium.json.Json.toType(Json.java:50)
at org.openqa.selenium.remote.ProtocolHandshake.createSession(ProtocolHandshake.java:108)
... 26 more
]]>
            </full-stacktrace>
          </exception> <!-- org.openqa.selenium.WebDriverException -->
          <reporter-output>
          </reporter-output>
        </test-method> <!-- search -->
        <test-method status="SKIP" signature="quitBrowser()[pri:0, instance:com.searchmodules.tests.SearchTest@464bee09]" name="quitBrowser" is-config="true" duration-ms="0" started-at="2021-01-01T12:50:31Z" finished-at="2021-01-01T12:50:31Z">
          <reporter-output>
          </reporter-output>
        </test-method> <!-- quitBrowser -->
      </class> <!-- com.searchmodules.tests.SearchTest -->
    </test> <!-- search-test-docker -->
    <test name="search-test-java" duration-ms="397895" started-at="2021-01-01T12:43:53Z" finished-at="2021-01-01T12:50:31Z">
      <class name="com.searchmodules.tests.SearchTest">
        <test-method status="FAIL" signature="setupDriver()[pri:0, instance:com.searchmodules.tests.SearchTest@61832929]" name="setupDriver" is-config="true" duration-ms="397810" started-at="2021-01-01T12:43:53Z" finished-at="2021-01-01T12:50:31Z">
          <exception class="org.openqa.selenium.WebDriverException">
            <message>
              <![CDATA[Unable to parse remote response: <!DOCTYPE html>
<html>
<head>
  <meta charset="utf-8">
  <title>Zalenium - 502
  
    - Bad Gateway
  
  </title>
  <meta name="viewport" content="width=device-width, initial-scale=1">
  <style>
    h1 { text-align: center; }
    address { text-align: center; }
  </style>
</head>
<body>
  <h1>502
  
    - Bad Gateway
  
  </h1>
<hr>
<address>nginx/1.10.3 - Zalenium 3.141.59z</address>
</body>
</html>
]]>
            </message>
            <full-stacktrace>
              <![CDATA[org.openqa.selenium.WebDriverException: Unable to parse remote response: <!DOCTYPE html>
<html>
<head>
  <meta charset="utf-8">
  <title>Zalenium - 502
  
    - Bad Gateway
  
  </title>
  <meta name="viewport" content="width=device-width, initial-scale=1">
  <style>
    h1 { text-align: center; }
    address { text-align: center; }
  </style>
</head>
<body>
  <h1>502
  
    - Bad Gateway
  
  </h1>
<hr>
<address>nginx/1.10.3 - Zalenium 3.141.59z</address>
</body>
</html>

at org.openqa.selenium.remote.ProtocolHandshake.createSession(ProtocolHandshake.java:111)
at org.openqa.selenium.remote.ProtocolHandshake.createSession(ProtocolHandshake.java:73)
at org.openqa.selenium.remote.HttpCommandExecutor.execute(HttpCommandExecutor.java:136)
at org.openqa.selenium.remote.RemoteWebDriver.execute(RemoteWebDriver.java:548)
at org.openqa.selenium.remote.RemoteWebDriver.startSession(RemoteWebDriver.java:212)
at org.openqa.selenium.remote.RemoteWebDriver.<init>(RemoteWebDriver.java:130)
at org.openqa.selenium.remote.RemoteWebDriver.<init>(RemoteWebDriver.java:143)
at com.tests.BaseTest.setupDriver(BaseTest.java:39)
at sun.reflect.NativeMethodAccessorImpl.invoke0(Native Method)
at sun.reflect.NativeMethodAccessorImpl.invoke(Unknown Source)
at sun.reflect.DelegatingMethodAccessorImpl.invoke(Unknown Source)
at java.lang.reflect.Method.invoke(Unknown Source)
at org.testng.internal.MethodInvocationHelper.invokeMethod(MethodInvocationHelper.java:124)
at org.testng.internal.MethodInvocationHelper.invokeMethodConsideringTimeout(MethodInvocationHelper.java:59)
at org.testng.internal.Invoker.invokeConfigurationMethod(Invoker.java:458)
at org.testng.internal.Invoker.invokeConfigurations(Invoker.java:222)
at org.testng.internal.Invoker.invokeConfigurations(Invoker.java:142)
at org.testng.TestRunner.beforeRun(TestRunner.java:529)
at org.testng.TestRunner.run(TestRunner.java:497)
at org.testng.SuiteRunner.runTest(SuiteRunner.java:455)
at org.testng.SuiteRunner.access$000(SuiteRunner.java:40)
at org.testng.SuiteRunner$SuiteWorker.run(SuiteRunner.java:489)
at org.testng.internal.thread.ThreadUtil$1.call(ThreadUtil.java:52)
at java.util.concurrent.FutureTask.run(Unknown Source)
at java.util.concurrent.ThreadPoolExecutor.runWorker(Unknown Source)
at java.util.concurrent.ThreadPoolExecutor$Worker.run(Unknown Source)
at java.lang.Thread.run(Unknown Source)
Caused by: org.openqa.selenium.json.JsonException: Unable to determine type from: <. Last 1 characters read: <
Build info: version: '3.14.0', revision: 'aacccce0', time: '2018-08-02T20:19:58.91Z'
System info: host: 'DESKTOP-FBJTQAJ', ip: '192.168.1.100', os.name: 'Windows 10', os.arch: 'amd64', os.version: '10.0', java.version: '1.8.0_231'
Driver info: driver.version: RemoteWebDriver
at org.openqa.selenium.json.JsonInput.peek(JsonInput.java:121)
at org.openqa.selenium.json.JsonTypeCoercer.lambda$null$6(JsonTypeCoercer.java:137)
at org.openqa.selenium.json.JsonTypeCoercer.coerce(JsonTypeCoercer.java:123)
at org.openqa.selenium.json.Json.toType(Json.java:60)
at org.openqa.selenium.json.Json.toType(Json.java:50)
at org.openqa.selenium.remote.ProtocolHandshake.createSession(ProtocolHandshake.java:108)
... 26 more
]]>
            </full-stacktrace>
          </exception> <!-- org.openqa.selenium.WebDriverException -->
          <reporter-output>
          </reporter-output>
        </test-method> <!-- setupDriver -->
        <test-method status="SKIP" signature="search(java.lang.String)[pri:0, instance:com.searchmodules.tests.SearchTest@61832929]" name="search" duration-ms="0" started-at="2021-01-01T12:50:31Z" finished-at="2021-01-01T12:50:31Z">
          <exception class="org.openqa.selenium.WebDriverException">
            <message>
              <![CDATA[Unable to parse remote response: <!DOCTYPE html>
<html>
<head>
  <meta charset="utf-8">
  <title>Zalenium - 502
  
    - Bad Gateway
  
  </title>
  <meta name="viewport" content="width=device-width, initial-scale=1">
  <style>
    h1 { text-align: center; }
    address { text-align: center; }
  </style>
</head>
<body>
  <h1>502
  
    - Bad Gateway
  
  </h1>
<hr>
<address>nginx/1.10.3 - Zalenium 3.141.59z</address>
</body>
</html>
]]>
            </message>
            <full-stacktrace>
              <![CDATA[org.openqa.selenium.WebDriverException: Unable to parse remote response: <!DOCTYPE html>
<html>
<head>
  <meta charset="utf-8">
  <title>Zalenium - 502
  
    - Bad Gateway
  
  </title>
  <meta name="viewport" content="width=device-width, initial-scale=1">
  <style>
    h1 { text-align: center; }
    address { text-align: center; }
  </style>
</head>
<body>
  <h1>502
  
    - Bad Gateway
  
  </h1>
<hr>
<address>nginx/1.10.3 - Zalenium 3.141.59z</address>
</body>
</html>

at org.openqa.selenium.remote.ProtocolHandshake.createSession(ProtocolHandshake.java:111)
at org.openqa.selenium.remote.ProtocolHandshake.createSession(ProtocolHandshake.java:73)
at org.openqa.selenium.remote.HttpCommandExecutor.execute(HttpCommandExecutor.java:136)
at org.openqa.selenium.remote.RemoteWebDriver.execute(RemoteWebDriver.java:548)
at org.openqa.selenium.remote.RemoteWebDriver.startSession(RemoteWebDriver.java:212)
at org.openqa.selenium.remote.RemoteWebDriver.<init>(RemoteWebDriver.java:130)
at org.openqa.selenium.remote.RemoteWebDriver.<init>(RemoteWebDriver.java:143)
at com.tests.BaseTest.setupDriver(BaseTest.java:39)
at sun.reflect.NativeMethodAccessorImpl.invoke0(Native Method)
at sun.reflect.NativeMethodAccessorImpl.invoke(Unknown Source)
at sun.reflect.DelegatingMethodAccessorImpl.invoke(Unknown Source)
at java.lang.reflect.Method.invoke(Unknown Source)
at org.testng.internal.MethodInvocationHelper.invokeMethod(MethodInvocationHelper.java:124)
at org.testng.internal.MethodInvocationHelper.invokeMethodConsideringTimeout(MethodInvocationHelper.java:59)
at org.testng.internal.Invoker.invokeConfigurationMethod(Invoker.java:458)
at org.testng.internal.Invoker.invokeConfigurations(Invoker.java:222)
at org.testng.internal.Invoker.invokeConfigurations(Invoker.java:142)
at org.testng.TestRunner.beforeRun(TestRunner.java:529)
at org.testng.TestRunner.run(TestRunner.java:497)
at org.testng.SuiteRunner.runTest(SuiteRunner.java:455)
at org.testng.SuiteRunner.access$000(SuiteRunner.java:40)
at org.testng.SuiteRunner$SuiteWorker.run(SuiteRunner.java:489)
at org.testng.internal.thread.ThreadUtil$1.call(ThreadUtil.java:52)
at java.util.concurrent.FutureTask.run(Unknown Source)
at java.util.concurrent.ThreadPoolExecutor.runWorker(Unknown Source)
at java.util.concurrent.ThreadPoolExecutor$Worker.run(Unknown Source)
at java.lang.Thread.run(Unknown Source)
Caused by: org.openqa.selenium.json.JsonException: Unable to determine type from: <. Last 1 characters read: <
Build info: version: '3.14.0', revision: 'aacccce0', time: '2018-08-02T20:19:58.91Z'
System info: host: 'DESKTOP-FBJTQAJ', ip: '192.168.1.100', os.name: 'Windows 10', os.arch: 'amd64', os.version: '10.0', java.version: '1.8.0_231'
Driver info: driver.version: RemoteWebDriver
at org.openqa.selenium.json.JsonInput.peek(JsonInput.java:121)
at org.openqa.selenium.json.JsonTypeCoercer.lambda$null$6(JsonTypeCoercer.java:137)
at org.openqa.selenium.json.JsonTypeCoercer.coerce(JsonTypeCoercer.java:123)
at org.openqa.selenium.json.Json.toType(Json.java:60)
at org.openqa.selenium.json.Json.toType(Json.java:50)
at org.openqa.selenium.remote.ProtocolHandshake.createSession(ProtocolHandshake.java:108)
... 26 more
]]>
            </full-stacktrace>
          </exception> <!-- org.openqa.selenium.WebDriverException -->
          <reporter-output>
          </reporter-output>
        </test-method> <!-- search -->
        <test-method status="SKIP" signature="quitBrowser()[pri:0, instance:com.searchmodules.tests.SearchTest@61832929]" name="quitBrowser" is-config="true" duration-ms="0" started-at="2021-01-01T12:50:31Z" finished-at="2021-01-01T12:50:31Z">
          <reporter-output>
          </reporter-output>
        </test-method> <!-- quitBrowser -->
      </class> <!-- com.searchmodules.tests.SearchTest -->
    </test> <!-- search-test-java -->
    <test name="search-test-webdriver" duration-ms="397892" started-at="2021-01-01T12:43:53Z" finished-at="2021-01-01T12:50:31Z">
      <class name="com.searchmodules.tests.SearchTest">
        <test-method status="FAIL" signature="setupDriver()[pri:0, instance:com.searchmodules.tests.SearchTest@77cd7a0]" name="setupDriver" is-config="true" duration-ms="397811" started-at="2021-01-01T12:43:53Z" finished-at="2021-01-01T12:50:31Z">
          <exception class="org.openqa.selenium.WebDriverException">
            <message>
              <![CDATA[Unable to parse remote response: <!DOCTYPE html>
<html>
<head>
  <meta charset="utf-8">
  <title>Zalenium - 502
  
    - Bad Gateway
  
  </title>
  <meta name="viewport" content="width=device-width, initial-scale=1">
  <style>
    h1 { text-align: center; }
    address { text-align: center; }
  </style>
</head>
<body>
  <h1>502
  
    - Bad Gateway
  
  </h1>
<hr>
<address>nginx/1.10.3 - Zalenium 3.141.59z</address>
</body>
</html>
]]>
            </message>
            <full-stacktrace>
              <![CDATA[org.openqa.selenium.WebDriverException: Unable to parse remote response: <!DOCTYPE html>
<html>
<head>
  <meta charset="utf-8">
  <title>Zalenium - 502
  
    - Bad Gateway
  
  </title>
  <meta name="viewport" content="width=device-width, initial-scale=1">
  <style>
    h1 { text-align: center; }
    address { text-align: center; }
  </style>
</head>
<body>
  <h1>502
  
    - Bad Gateway
  
  </h1>
<hr>
<address>nginx/1.10.3 - Zalenium 3.141.59z</address>
</body>
</html>

at org.openqa.selenium.remote.ProtocolHandshake.createSession(ProtocolHandshake.java:111)
at org.openqa.selenium.remote.ProtocolHandshake.createSession(ProtocolHandshake.java:73)
at org.openqa.selenium.remote.HttpCommandExecutor.execute(HttpCommandExecutor.java:136)
at org.openqa.selenium.remote.RemoteWebDriver.execute(RemoteWebDriver.java:548)
at org.openqa.selenium.remote.RemoteWebDriver.startSession(RemoteWebDriver.java:212)
at org.openqa.selenium.remote.RemoteWebDriver.<init>(RemoteWebDriver.java:130)
at org.openqa.selenium.remote.RemoteWebDriver.<init>(RemoteWebDriver.java:143)
at com.tests.BaseTest.setupDriver(BaseTest.java:39)
at sun.reflect.NativeMethodAccessorImpl.invoke0(Native Method)
at sun.reflect.NativeMethodAccessorImpl.invoke(Unknown Source)
at sun.reflect.DelegatingMethodAccessorImpl.invoke(Unknown Source)
at java.lang.reflect.Method.invoke(Unknown Source)
at org.testng.internal.MethodInvocationHelper.invokeMethod(MethodInvocationHelper.java:124)
at org.testng.internal.MethodInvocationHelper.invokeMethodConsideringTimeout(MethodInvocationHelper.java:59)
at org.testng.internal.Invoker.invokeConfigurationMethod(Invoker.java:458)
at org.testng.internal.Invoker.invokeConfigurations(Invoker.java:222)
at org.testng.internal.Invoker.invokeConfigurations(Invoker.java:142)
at org.testng.TestRunner.beforeRun(TestRunner.java:529)
at org.testng.TestRunner.run(TestRunner.java:497)
at org.testng.SuiteRunner.runTest(SuiteRunner.java:455)
at org.testng.SuiteRunner.access$000(SuiteRunner.java:40)
at org.testng.SuiteRunner$SuiteWorker.run(SuiteRunner.java:489)
at org.testng.internal.thread.ThreadUtil$1.call(ThreadUtil.java:52)
at java.util.concurrent.FutureTask.run(Unknown Source)
at java.util.concurrent.ThreadPoolExecutor.runWorker(Unknown Source)
at java.util.concurrent.ThreadPoolExecutor$Worker.run(Unknown Source)
at java.lang.Thread.run(Unknown Source)
Caused by: org.openqa.selenium.json.JsonException: Unable to determine type from: <. Last 1 characters read: <
Build info: version: '3.14.0', revision: 'aacccce0', time: '2018-08-02T20:19:58.91Z'
System info: host: 'DESKTOP-FBJTQAJ', ip: '192.168.1.100', os.name: 'Windows 10', os.arch: 'amd64', os.version: '10.0', java.version: '1.8.0_231'
Driver info: driver.version: RemoteWebDriver
at org.openqa.selenium.json.JsonInput.peek(JsonInput.java:121)
at org.openqa.selenium.json.JsonTypeCoercer.lambda$null$6(JsonTypeCoercer.java:137)
at org.openqa.selenium.json.JsonTypeCoercer.coerce(JsonTypeCoercer.java:123)
at org.openqa.selenium.json.Json.toType(Json.java:60)
at org.openqa.selenium.json.Json.toType(Json.java:50)
at org.openqa.selenium.remote.ProtocolHandshake.createSession(ProtocolHandshake.java:108)
... 26 more
]]>
            </full-stacktrace>
          </exception> <!-- org.openqa.selenium.WebDriverException -->
          <reporter-output>
          </reporter-output>
        </test-method> <!-- setupDriver -->
        <test-method status="SKIP" signature="search(java.lang.String)[pri:0, instance:com.searchmodules.tests.SearchTest@77cd7a0]" name="search" duration-ms="0" started-at="2021-01-01T12:50:31Z" finished-at="2021-01-01T12:50:31Z">
          <exception class="org.openqa.selenium.WebDriverException">
            <message>
              <![CDATA[Unable to parse remote response: <!DOCTYPE html>
<html>
<head>
  <meta charset="utf-8">
  <title>Zalenium - 502
  
    - Bad Gateway
  
  </title>
  <meta name="viewport" content="width=device-width, initial-scale=1">
  <style>
    h1 { text-align: center; }
    address { text-align: center; }
  </style>
</head>
<body>
  <h1>502
  
    - Bad Gateway
  
  </h1>
<hr>
<address>nginx/1.10.3 - Zalenium 3.141.59z</address>
</body>
</html>
]]>
            </message>
            <full-stacktrace>
              <![CDATA[org.openqa.selenium.WebDriverException: Unable to parse remote response: <!DOCTYPE html>
<html>
<head>
  <meta charset="utf-8">
  <title>Zalenium - 502
  
    - Bad Gateway
  
  </title>
  <meta name="viewport" content="width=device-width, initial-scale=1">
  <style>
    h1 { text-align: center; }
    address { text-align: center; }
  </style>
</head>
<body>
  <h1>502
  
    - Bad Gateway
  
  </h1>
<hr>
<address>nginx/1.10.3 - Zalenium 3.141.59z</address>
</body>
</html>

at org.openqa.selenium.remote.ProtocolHandshake.createSession(ProtocolHandshake.java:111)
at org.openqa.selenium.remote.ProtocolHandshake.createSession(ProtocolHandshake.java:73)
at org.openqa.selenium.remote.HttpCommandExecutor.execute(HttpCommandExecutor.java:136)
at org.openqa.selenium.remote.RemoteWebDriver.execute(RemoteWebDriver.java:548)
at org.openqa.selenium.remote.RemoteWebDriver.startSession(RemoteWebDriver.java:212)
at org.openqa.selenium.remote.RemoteWebDriver.<init>(RemoteWebDriver.java:130)
at org.openqa.selenium.remote.RemoteWebDriver.<init>(RemoteWebDriver.java:143)
at com.tests.BaseTest.setupDriver(BaseTest.java:39)
at sun.reflect.NativeMethodAccessorImpl.invoke0(Native Method)
at sun.reflect.NativeMethodAccessorImpl.invoke(Unknown Source)
at sun.reflect.DelegatingMethodAccessorImpl.invoke(Unknown Source)
at java.lang.reflect.Method.invoke(Unknown Source)
at org.testng.internal.MethodInvocationHelper.invokeMethod(MethodInvocationHelper.java:124)
at org.testng.internal.MethodInvocationHelper.invokeMethodConsideringTimeout(MethodInvocationHelper.java:59)
at org.testng.internal.Invoker.invokeConfigurationMethod(Invoker.java:458)
at org.testng.internal.Invoker.invokeConfigurations(Invoker.java:222)
at org.testng.internal.Invoker.invokeConfigurations(Invoker.java:142)
at org.testng.TestRunner.beforeRun(TestRunner.java:529)
at org.testng.TestRunner.run(TestRunner.java:497)
at org.testng.SuiteRunner.runTest(SuiteRunner.java:455)
at org.testng.SuiteRunner.access$000(SuiteRunner.java:40)
at org.testng.SuiteRunner$SuiteWorker.run(SuiteRunner.java:489)
at org.testng.internal.thread.ThreadUtil$1.call(ThreadUtil.java:52)
at java.util.concurrent.FutureTask.run(Unknown Source)
at java.util.concurrent.ThreadPoolExecutor.runWorker(Unknown Source)
at java.util.concurrent.ThreadPoolExecutor$Worker.run(Unknown Source)
at java.lang.Thread.run(Unknown Source)
Caused by: org.openqa.selenium.json.JsonException: Unable to determine type from: <. Last 1 characters read: <
Build info: version: '3.14.0', revision: 'aacccce0', time: '2018-08-02T20:19:58.91Z'
System info: host: 'DESKTOP-FBJTQAJ', ip: '192.168.1.100', os.name: 'Windows 10', os.arch: 'amd64', os.version: '10.0', java.version: '1.8.0_231'
Driver info: driver.version: RemoteWebDriver
at org.openqa.selenium.json.JsonInput.peek(JsonInput.java:121)
at org.openqa.selenium.json.JsonTypeCoercer.lambda$null$6(JsonTypeCoercer.java:137)
at org.openqa.selenium.json.JsonTypeCoercer.coerce(JsonTypeCoercer.java:123)
at org.openqa.selenium.json.Json.toType(Json.java:60)
at org.openqa.selenium.json.Json.toType(Json.java:50)
at org.openqa.selenium.remote.ProtocolHandshake.createSession(ProtocolHandshake.java:108)
... 26 more
]]>
            </full-stacktrace>
          </exception> <!-- org.openqa.selenium.WebDriverException -->
          <reporter-output>
          </reporter-output>
        </test-method> <!-- search -->
        <test-method status="SKIP" signature="quitBrowser()[pri:0, instance:com.searchmodules.tests.SearchTest@77cd7a0]" name="quitBrowser" is-config="true" duration-ms="0" started-at="2021-01-01T12:50:31Z" finished-at="2021-01-01T12:50:31Z">
          <reporter-output>
          </reporter-output>
        </test-method> <!-- quitBrowser -->
      </class> <!-- com.searchmodules.tests.SearchTest -->
    </test> <!-- search-test-webdriver -->
  </suite> <!-- search-module -->
</testng-results>
